<?xml version="1.0" encoding="UTF-8"?>
<!-- Generated by org.testng.reporters.JUnitReportReporter -->
<testsuite hostname="DESKTOP-EPGRNAL" failures="0" tests="2" name="com.mystore.testCases.indexPageTest" time="15.304" errors="0" timestamp="2023-06-12T11:44:25 IST" skipped="0">
  <testcase classname="com.mystore.testCases.indexPageTest" name="verifyTitle" time="7.842"/>
  <system-out/>
  <testcase classname="com.mystore.testCases.indexPageTest" name="verifyLogo" time="7.462"/>
  <system-out/>
</testsuite> <!-- com.mystore.testCases.indexPageTest -->
