<?xml version="1.0" encoding="UTF-8"?>
<!-- Generated by org.testng.reporters.JUnitReportReporter -->
<testsuite hostname="DESKTOP-EPGRNAL" failures="0" tests="3" name="com.mystore.testCases.accountCreationPageTest" time="97.283" errors="0" timestamp="2023-06-14T23:53:24 IST" skipped="0">
  <testcase classname="com.mystore.testCases.accountCreationPageTest" name="createNewAccount" time="30.068"/>
  <system-out/>
  <testcase classname="com.mystore.testCases.accountCreationPageTest" name="createNewAccount" time="33.409"/>
  <system-out/>
  <testcase classname="com.mystore.testCases.accountCreationPageTest" name="createNewAccount" time="33.806"/>
  <system-out/>
</testsuite> <!-- com.mystore.testCases.accountCreationPageTest -->
