<?xml version="1.0" encoding="UTF-8"?>
<!-- Generated by org.testng.reporters.JUnitReportReporter -->
<testsuite hostname="Sathish" failures="0" tests="2" name="com.mystore.testCases.indexPageTest" time="30.321" errors="0" timestamp="2023-06-07T14:37:19 IST" skipped="0">
  <testcase classname="com.mystore.testCases.indexPageTest" name="verifyTitle" time="14.715"/>
  <system-out/>
  <testcase classname="com.mystore.testCases.indexPageTest" name="verifyLogo" time="15.606"/>
  <system-out/>
</testsuite> <!-- com.mystore.testCases.indexPageTest -->
