<?xml version="1.0" encoding="UTF-8"?>
<!-- Generated by org.testng.reporters.JUnitReportReporter -->
<testsuite hostname="Sathish" failures="0" tests="1" name="com.mystore.testCases.accountCreationPageTest" time="55.159" errors="0" timestamp="2023-06-07T14:37:19 IST" skipped="0">
  <testcase classname="com.mystore.testCases.accountCreationPageTest" name="verifyAccountCreation" time="55.159"/>
  <system-out/>
</testsuite> <!-- com.mystore.testCases.accountCreationPageTest -->
